  Source2.cpp
C:\Users\laijd\Documents\GitHub\game\Project9\Source2.cpp(316,27): warning C4018: '<': signed/unsigned 不相符
C:\Users\laijd\Documents\GitHub\game\Project9\Source2.cpp(400,27): warning C4018: '<': signed/unsigned 不相符
C:\Users\laijd\Documents\GitHub\game\Project9\Source2.cpp(460,27): warning C4018: '<': signed/unsigned 不相符
C:\Users\laijd\Documents\GitHub\game\Project9\Source2.cpp(494,33): warning C4018: '<': signed/unsigned 不相符
C:\Users\laijd\Documents\GitHub\game\Project9\Source2.cpp(499,33): warning C4018: '<': signed/unsigned 不相符
C:\Users\laijd\Documents\GitHub\game\Project9\Source2.cpp(1293,25): warning C4101: 'm': 未參考的區域變數
C:\Users\laijd\Documents\GitHub\game\Project9\Source2.cpp(1293,17): warning C4101: 'rx': 未參考的區域變數
C:\Users\laijd\Documents\GitHub\game\Project9\Source2.cpp(1293,21): warning C4101: 'ry': 未參考的區域變數
C:\Users\laijd\Documents\GitHub\game\Project9\Source2.cpp(2277,11): warning C4244: '正在初始化': 將 'time_t' 轉換為 'int'，由於類型不同，可能導致資料遺失
C:\Users\laijd\Documents\GitHub\game\Project9\Source2.cpp(2713,28): warning C4244: '引數': 將 'wchar_t' 轉換為 '_Elem'，由於類型不同，可能導致資料遺失
          with
          [
              _Elem=char
          ]
C:\Users\laijd\Documents\GitHub\game\Project9\Source2.cpp(2852,47): warning C4244: '引數': 將 'double' 轉換為 'int'，由於類型不同，可能導致資料遺失
C:\Users\laijd\Documents\GitHub\game\Project9\Source2.cpp(2853,48): warning C4244: '引數': 將 'double' 轉換為 'int'，由於類型不同，可能導致資料遺失
C:\Users\laijd\Documents\GitHub\game\Project9\Source2.cpp(2879,10): warning C4101: 'w': 未參考的區域變數
C:\Users\laijd\Documents\GitHub\game\Project9\Source2.cpp(2932,18): warning C4101: 'y': 未參考的區域變數
C:\Users\laijd\Documents\GitHub\game\Project9\Source2.cpp(2932,15): warning C4101: 'x': 未參考的區域變數
C:\Users\laijd\Documents\GitHub\game\Project9\Source2.cpp(3220,28): warning C4244: '引數': 將 'wchar_t' 轉換為 '_Elem'，由於類型不同，可能導致資料遺失
          with
          [
              _Elem=char
          ]
C:\Users\laijd\Documents\GitHub\game\Project9\Source2.cpp(3734,17): warning C4101: 'm1': 未參考的區域變數
C:\Users\laijd\Documents\GitHub\game\Project9\Source2.cpp(3844,11): warning C4101: 'w': 未參考的區域變數
C:\Users\laijd\Documents\GitHub\game\Project9\Source2.cpp(4092,21): warning C4101: 'bgm': 未參考的區域變數
C:\Users\laijd\Documents\GitHub\game\Project9\Source2.cpp(4249,9): warning C4101: 'k': 未參考的區域變數
C:\Users\laijd\Documents\GitHub\game\Project9\Source2.cpp(4249,12): warning C4101: 'w': 未參考的區域變數
C:\Users\laijd\Documents\GitHub\game\Project9\Source2.cpp(4389,15): warning C4244: '引數': 將 'time_t' 轉換為 'unsigned int'，由於類型不同，可能導致資料遺失
C:\Users\laijd\Documents\GitHub\game\Project9\Source2.cpp(4406,9): warning C4101: 'ix': 未參考的區域變數
C:\Users\laijd\Documents\GitHub\game\Project9\Source2.cpp(4406,13): warning C4101: 'iy': 未參考的區域變數
C:\Users\laijd\Documents\GitHub\game\Project9\Source2.cpp(4407,10): warning C4101: 't': 未參考的區域變數
C:\Users\laijd\Documents\GitHub\game\Project9\Source2.cpp(4406,17): warning C4101: 'abox1': 未參考的區域變數
C:\Users\laijd\Documents\GitHub\game\Project9\Source2.cpp(163): warning C4715: 'roll': 不是所有控制路徑都傳回值
  Project9.vcxproj -> C:\Users\laijd\Documents\GitHub\game\Project9\x64\Debug\Project9.exe
