c:\users\laijd\source\repos\project9\project9\x64\debug\vc143.pdb
c:\users\laijd\source\repos\project9\project9\x64\debug\vc143.idb
c:\users\laijd\source\repos\project9\project9\x64\debug\source2.obj
c:\users\laijd\source\repos\project9\project9\x64\debug\source2.obj.enc
c:\users\laijd\source\repos\project9\x64\debug\project9.pdb
c:\users\laijd\source\repos\project9\project9\x64\debug\project9.tlog\cl.command.1.tlog
c:\users\laijd\source\repos\project9\project9\x64\debug\project9.tlog\cl.read.1.tlog
c:\users\laijd\source\repos\project9\project9\x64\debug\project9.tlog\cl.write.1.tlog
c:\users\laijd\source\repos\project9\project9\x64\debug\project9.tlog\link-cvtres.read.1.tlog
c:\users\laijd\source\repos\project9\project9\x64\debug\project9.tlog\link-cvtres.write.1.tlog
c:\users\laijd\source\repos\project9\project9\x64\debug\project9.tlog\link-rc.read.1.tlog
c:\users\laijd\source\repos\project9\project9\x64\debug\project9.tlog\link-rc.write.1.tlog
c:\users\laijd\source\repos\project9\project9\x64\debug\project9.tlog\link.23156-cvtres.read.1.tlog
c:\users\laijd\source\repos\project9\project9\x64\debug\project9.tlog\link.23156-cvtres.write.1.tlog
c:\users\laijd\source\repos\project9\project9\x64\debug\project9.tlog\link.23156-rc.read.1.tlog
c:\users\laijd\source\repos\project9\project9\x64\debug\project9.tlog\link.23156-rc.write.1.tlog
c:\users\laijd\source\repos\project9\project9\x64\debug\project9.tlog\link.23156.read.1.tlog
c:\users\laijd\source\repos\project9\project9\x64\debug\project9.tlog\link.23156.read.2.tlog
c:\users\laijd\source\repos\project9\project9\x64\debug\project9.tlog\link.23156.write.1.tlog
c:\users\laijd\source\repos\project9\project9\x64\debug\project9.tlog\link.command.1.tlog
c:\users\laijd\source\repos\project9\project9\x64\debug\project9.tlog\link.read.1.tlog
c:\users\laijd\source\repos\project9\project9\x64\debug\project9.tlog\link.read.2.tlog
c:\users\laijd\source\repos\project9\project9\x64\debug\project9.tlog\link.write.1.tlog
