(T7)戴恩從(16,10)到(10,8)
(T9)野狼A將戴恩選為目標
(T9)野狼A從(5,4)到(9,7)
(T9)野狼B將戴恩選為目標
(T9)野狼B從(6,3)到(10,6)
(T10)艾倫從(18,13)到(14,11)
(T10)夏洛特從(19,13)到(16,10)
(T14)戴恩從(10,8)到(13,8)
(T14)戴恩用巡林者命中野狼A造成12點傷害(16>9)
(T17)野狼B將戴恩選為目標
(T17)野狼B從(10,6)到(12,8)
(T17)野狼B用爪子命中戴恩造成5點傷害(22>21)
(T20)艾倫從(14,11)到(13,10)
(T20)艾倫將野狼B選為目標
(T20)艾倫用30式手槍攻擊野狼B未能命中(8<=19)
(T20)戴恩從(13,8)到(16,9)
(T20)戴恩用巡林者攻擊野狼B未能命中(7<=11)
(T25)野狼B將艾倫選為目標
(T25)野狼B從(12,8)到(14,10)
(T25)野狼B用爪子攻擊艾倫未能命中(7<=16)
(T27)戴恩從(16,9)到(18,9)
(T27)戴恩用巡林者攻擊野狼B未能命中(8<=11)
(T30)艾倫將野狼B選為目標
(T30)艾倫用30式手槍攻擊野狼B未能命中(1<=18)
