(T8)狼王C將昏迷的愛麗絲選為目標
(T8)狼王C從(10,7)到(11,7)
(T10)老狼A呼喚了野狼D
(T10)老狼B呼喚了野狼E
(T10)艾倫從(9,14)到(8,9)
(T10)夏洛特從(10,14)到(10,10)
(T10)夏洛特將狼王C選為目標
(T10)夏洛特用巡林者命中狼王C造成2點傷害(2>0)
(T16)狼王C用火球對昏迷的愛麗絲造成6點傷害
(T19)老狼A將艾倫選為目標
(T19)老狼A從(6,11)到(8,8)
(T19)老狼A用爪子命中艾倫造成6點傷害(14>2)
(T19)老狼B將夏洛特選為目標
(T19)老狼B從(13,12)到(11,10)
(T19)老狼B用爪子攻擊夏洛特未能命中(11<=12)
(T19)野狼D將艾倫選為目標
(T19)野狼D從(0,11)到(5,9)
(T19)野狼E將夏洛特選為目標
(T19)野狼E從(19,12)到(14,10)
(T24)狼王C將夏洛特選為目標
(T24)狼王C從(11,7)到(10,11)
(T24)狼王C用爪子命中夏洛特造成6點傷害(19>8)
(T27)野狼D將艾倫選為目標
(T27)野狼D從(5,9)到(8,10)
(T27)野狼D用爪子攻擊艾倫未能命中(10<=10)
(T27)野狼E將夏洛特選為目標
(T27)野狼E從(14,10)到(10,12)
(T28)老狼A將艾倫選為目標
