(T10)帝國動員兵A將艾倫選為目標
(T10)帝國動員兵A從(0,26)到(8,26)
(T10)帝國動員兵A用栓動步槍命中艾倫造成4點傷害(15>8)
(T10)帝國動員兵B將艾倫選為目標
(T10)帝國動員兵B從(0,28)到(8,28)
(T10)帝國動員兵C將艾倫選為目標
(T10)帝國動員兵C從(0,27)到(8,27)
(T10)帝國動員兵D將艾倫選為目標
(T10)帝國動員兵D從(0,44)到(2,38)
(T10)帝國動員兵E將艾倫選為目標
(T10)帝國動員兵E從(49,44)到(41,44)
(T10)帝國動員兵F將艾倫選為目標
(T10)帝國動員兵F從(5,0)到(13,0)
(T10)帝國動員兵G將艾倫選為目標
(T10)帝國動員兵G從(49,15)到(41,15)
(T10)帝國動員兵H將艾倫選為目標
(T10)帝國動員兵H從(26,44)到(26,36)
(T10)艾倫從(12,25)到(15,22)
(T19)帝國動員兵A將艾倫選為目標
(T19)帝國動員兵A從(8,26)到(15,25)
(T19)帝國動員兵A用栓動步槍命中艾倫造成2點傷害(3>1)
(T19)帝國動員兵B將艾倫選為目標
(T19)帝國動員兵B從(8,28)到(14,26)
(T19)帝國動員兵B用栓動步槍攻擊艾倫未能命中(16<=18)
(T19)帝國動員兵C將艾倫選為目標
(T19)帝國動員兵C從(8,27)到(14,25)
(T19)帝國動員兵C用栓動步槍攻擊艾倫未能命中(11<=13)
(T19)帝國動員兵D將艾倫選為目標
(T19)帝國動員兵D從(2,38)到(5,33)
(T19)帝國動員兵E將艾倫選為目標
(T19)帝國動員兵E從(41,44)到(33,44)
(T19)帝國動員兵F將艾倫選為目標
(T19)帝國動員兵F從(13,0)到(21,0)
(T19)帝國動員兵G將艾倫選為目標
(T19)帝國動員兵G從(41,15)到(33,15)
(T19)帝國動員兵H將艾倫選為目標
(T19)帝國動員兵H從(26,36)到(26,28)
(T20)艾倫從(15,22)到(21,22)
(T22)帝國動員兵I將艾倫選為目標
(T22)帝國動員兵I從(49,44)到(41,44)
(T28)帝國動員兵A將艾倫選為目標
(T28)帝國動員兵A從(15,25)到(21,23)
(T28)帝國動員兵A用栓動步槍命中艾倫造成12點傷害(4>3)
(T28)帝國動員兵B將艾倫選為目標
(T28)帝國動員兵B從(14,26)到(20,24)
(T28)帝國動員兵B用栓動步槍命中艾倫造成1點傷害(14>9)
(T28)帝國動員兵C將艾倫選為目標
(T28)帝國動員兵C從(14,25)到(20,23)
(T28)帝國動員兵C用栓動步槍命中艾倫造成5點傷害(20>5)
(T28)帝國動員兵D將艾倫選為目標
(T28)帝國動員兵D從(5,33)到(9,29)
(T28)帝國動員兵E將艾倫選為目標
(T28)帝國動員兵E從(33,44)到(27,42)
(T28)帝國動員兵F將艾倫選為目標
(T28)帝國動員兵F從(21,0)到(26,3)
(T28)帝國動員兵G將艾倫選為目標
(T28)帝國動員兵G從(33,15)到(25,15)
(T28)帝國動員兵H將艾倫選為目標
(T28)帝國動員兵H從(26,28)到(22,24)
(T28)帝國動員兵H用栓動步槍命中艾倫造成12點傷害(16>11)
(T30)艾倫從(21,22)到(21,19)
(T31)帝國動員兵I將艾倫選為目標
(T31)帝國動員兵I從(41,44)到(33,44)
(T37)帝國動員兵A將艾倫選為目標
(T37)帝國動員兵A從(21,23)到(22,19)
(T37)帝國動員兵A用栓動步槍命中艾倫造成7點傷害(5>3)
(T37)帝國動員兵B將艾倫選為目標
(T37)帝國動員兵B從(20,24)到(23,19)
(T37)帝國動員兵B用栓動步槍攻擊艾倫未能命中(3<=4)
(T37)帝國動員兵C將艾倫選為目標
(T37)帝國動員兵C從(20,23)到(24,19)
(T37)帝國動員兵C用栓動步槍攻擊艾倫未能命中(13<=15)
(T37)帝國動員兵D將艾倫選為目標
(T37)帝國動員兵D從(9,29)到(16,28)
(T37)帝國動員兵E將艾倫選為目標
(T37)帝國動員兵E從(27,42)到(26,35)
(T37)帝國動員兵F將艾倫選為目標
(T37)帝國動員兵F從(26,3)到(26,11)
(T37)帝國動員兵G將艾倫選為目標
