(T10)帝國動員兵A將艾倫選為目標
(T10)帝國動員兵A從(0,26)到(8,26)
(T10)帝國動員兵A用栓動步槍命中艾倫造成1點傷害(17>9)
(T10)帝國動員兵B將艾倫選為目標
(T10)帝國動員兵B從(0,28)到(8,28)
(T10)帝國動員兵C將艾倫選為目標
(T10)帝國動員兵C從(0,27)到(8,27)
(T10)帝國動員兵D將艾倫選為目標
(T10)帝國動員兵D從(0,44)到(2,38)
(T10)帝國動員兵E將艾倫選為目標
(T10)帝國動員兵E從(49,44)到(41,44)
(T10)帝國動員兵F將艾倫選為目標
(T10)帝國動員兵F從(5,0)到(13,0)
(T10)帝國動員兵G將艾倫選為目標
(T10)帝國動員兵G從(49,15)到(41,15)
(T10)帝國動員兵H將艾倫選為目標
(T10)帝國動員兵H從(26,44)到(26,36)
(T10)艾倫從(12,25)到(7,26)
(T10)艾倫將帝國動員兵A選為目標
(T10)艾倫用短刀命中帝國動員兵A造成3點傷害(5>2)
(T19)帝國動員兵A將艾倫選為目標
(T19)帝國動員兵A用栓動步槍命中艾倫造成12點傷害(16>14)
(T19)帝國動員兵B將艾倫選為目標
(T19)帝國動員兵B從(8,28)到(7,27)
(T19)帝國動員兵B用栓動步槍攻擊艾倫未能命中(1<=7)
(T19)帝國動員兵C將艾倫選為目標
(T19)帝國動員兵C從(8,27)到(7,25)
(T19)帝國動員兵C用栓動步槍命中艾倫造成8點傷害(19>6)
(T19)帝國動員兵D將艾倫選為目標
(T19)帝國動員兵D從(2,38)到(5,33)
(T19)帝國動員兵E將艾倫選為目標
(T19)帝國動員兵E從(41,44)到(33,44)
(T19)帝國動員兵F將艾倫選為目標
(T19)帝國動員兵F從(13,0)到(21,0)
(T19)帝國動員兵G將艾倫選為目標
(T19)帝國動員兵G從(41,15)到(33,15)
(T19)帝國動員兵H將艾倫選為目標
(T19)帝國動員兵H從(26,36)到(20,34)
(T20)艾倫將帝國動員兵A選為目標
(T20)艾倫用短刀命中帝國動員兵A造成2點傷害(14>10)
(T22)帝國動員兵I將艾倫選為目標
(T22)帝國動員兵I從(49,44)到(41,44)
(T28)帝國動員兵A將艾倫選為目標
(T28)帝國動員兵A用栓動步槍攻擊艾倫未能命中(12<=17)
(T28)帝國動員兵B將艾倫選為目標
(T28)帝國動員兵B用栓動步槍命中艾倫造成3點傷害(8>5)
(T28)帝國動員兵C將艾倫選為目標
(T28)帝國動員兵C用栓動步槍攻擊艾倫未能命中(7<=19)
(T28)帝國動員兵D將艾倫選為目標
(T28)帝國動員兵D從(5,33)到(9,29)
(T28)帝國動員兵D用栓動步槍攻擊艾倫未能命中(2<=19)
(T28)帝國動員兵E將艾倫選為目標
(T28)帝國動員兵E從(33,44)到(26,43)
(T28)帝國動員兵F將艾倫選為目標
(T28)帝國動員兵F從(21,0)到(26,3)
(T28)帝國動員兵G將艾倫選為目標
(T28)帝國動員兵G從(33,15)到(25,15)
(T28)帝國動員兵H將艾倫選為目標
(T28)帝國動員兵H從(20,34)到(26,32)
(T30)艾倫將帝國動員兵B選為目標
(T30)艾倫用短刀命中帝國動員兵B造成1點傷害(17>10)
