(T8)狼王C將昏迷的愛麗絲選為目標
(T10)老狼A呼喚了野狼D
(T10)老狼B呼喚了野狼E
(T16)狼王C將昏迷的愛麗絲選為目標
(T19)老狼A將艾倫選為目標
(T19)老狼A從(6,11)到(8,14)
(T19)老狼A用爪子攻擊艾倫未能命中(11<=11)
(T19)老狼B將夏洛特選為目標
(T19)老狼B從(13,12)到(11,14)
(T19)老狼B用爪子命中夏洛特造成4點傷害(20>2)
(T19)野狼D將艾倫選為目標
(T19)野狼D從(0,11)到(6,12)
(T19)野狼E將夏洛特選為目標
(T19)野狼E從(19,12)到(12,12)
(T24)狼王C將昏迷的愛麗絲選為目標
(T27)野狼D將艾倫選為目標
(T27)野狼D從(6,12)到(9,13)
(T27)野狼D用爪子攻擊艾倫未能命中(9<=17)
(T27)野狼E將夏洛特選為目標
(T27)野狼E從(12,12)到(10,13)
(T27)野狼E用爪子命中夏洛特造成6點傷害(7>2)
(T28)老狼A將艾倫選為目標
(T28)老狼A用爪子命中艾倫造成10點傷害(20>10)
(T28)老狼B將夏洛特選為目標
(T28)老狼B用爪子命中夏洛特造成5點傷害(8>4)
