(T7)戴恩從(16,10)到(10,8)
(T9)野狼A將戴恩選為目標
(T9)野狼A從(5,4)到(9,7)
(T9)野狼B將戴恩選為目標
(T9)野狼B從(6,3)到(10,6)
(T14)戴恩從(10,8)到(13,8)
(T14)戴恩用巡林者攻擊野狼A未能命中(1<=19)
(T17)野狼A將戴恩選為目標
(T17)野狼A從(9,7)到(12,8)
(T17)野狼A用爪子攻擊戴恩未能命中(16<=21)
(T17)野狼B將戴恩選為目標
(T17)野狼B從(10,6)到(11,8)
(T20)戴恩從(13,8)到(16,9)
(T20)戴恩用巡林者攻擊野狼A未能命中(2<=11)
(T25)野狼A將戴恩選為目標
(T25)野狼A從(12,8)到(16,10)
(T25)野狼A用爪子攻擊戴恩未能命中(7<=8)
(T25)野狼B將戴恩選為目標
(T25)野狼B從(11,8)到(15,9)
(T25)野狼B用爪子攻擊戴恩未能命中(21<=23)
(T27)戴恩從(16,9)到(19,8)
(T27)戴恩用巡林者命中野狼A造成6點傷害(9>6)
(T34)野狼A將艾倫選為目標
(T34)野狼A從(16,10)到(17,13)
(T34)野狼A用爪子攻擊艾倫未能命中(10<=16)
(T34)野狼B將戴恩選為目標
(T34)野狼B從(15,9)到(18,8)
(T34)野狼B用爪子攻擊戴恩未能命中(13<=25)
(T34)戴恩從(19,8)到(19,12)
(T34)戴恩用巡林者攻擊野狼B未能命中(8<=8)
