(T9)野狼A將艾倫選為目標
(T9)野狼A從(5,4)到(10,6)
(T10)艾倫從(18,14)到(15,11)
(T10)夏洛特從(19,14)到(15,12)
(T17)野狼A將艾倫選為目標
(T17)野狼A從(10,6)到(14,9)
(T20)艾倫從(15,11)到(14,10)
(T20)艾倫將野狼A選為目標
(T20)艾倫用短刀命中野狼A造成1點傷害(10>5)
(T20)夏洛特從(15,12)到(12,9)
(T20)夏洛特將野狼A選為目標
(T20)夏洛特用栓動步槍命中野狼A造成1點傷害(18>14)
(T25)野狼A將艾倫選為目標
(T25)野狼A用爪子攻擊艾倫未能命中(8<=8)
(T30)艾倫將野狼A選為目標
(T30)艾倫用短刀攻擊野狼A未能命中(1<=18)
(T30)艾倫從(14,10)到(13,8)
(T30)夏洛特將野狼A選為目標
(T30)夏洛特用栓動步槍攻擊野狼A未能命中(2<=10)
(T30)夏洛特從(12,9)到(10,8)
(T34)野狼A將艾倫選為目標
(T34)野狼A從(14,9)到(13,9)
(T34)野狼A用爪子命中艾倫造成4點傷害(18>5)
(T40)艾倫將野狼A選為目標
(T40)艾倫用短刀命中野狼A造成3點傷害(11>4)
(T40)艾倫從(13,8)到(11,8)
(T40)夏洛特將野狼A選為目標
(T40)夏洛特用栓動步槍命中野狼A造成4點傷害(19>6)
(T42)野狼A將艾倫選為目標
(T42)野狼A從(13,9)到(12,8)
(T42)野狼A用爪子命中艾倫造成7點傷害(21>9)
(T50)艾倫將野狼A選為目標
(T50)艾倫用短刀命中野狼A造成2點傷害(12>5)
