(T9)野狼A將艾倫選為目標
(T9)野狼A從(5,4)到(10,7)
(T10)艾倫從(18,14)到(15,11)
(T10)夏洛特從(19,14)到(15,12)
(T17)野狼A將艾倫選為目標
(T17)野狼A從(10,7)到(15,10)
(T17)野狼A用爪子命中艾倫造成10點傷害(20>1)
(T20)艾倫將野狼A選為目標
(T20)艾倫用短刀攻擊野狼A未能命中(13<=14)
(T20)夏洛特將野狼A選為目標
(T20)夏洛特用栓動步槍攻擊野狼A未能命中(1<=4)
(T25)野狼A將艾倫選為目標
(T25)野狼A用爪子命中艾倫造成8點傷害(17>9)
(T30)艾倫將野狼A選為目標
(T30)艾倫用短刀攻擊野狼A未能命中(3<=16)
(T34)野狼A將艾倫選為目標
(T34)野狼A用爪子攻擊艾倫未能命中(7<=19)
(T40)艾倫將野狼A選為目標
(T40)艾倫用短刀命中野狼A造成3點傷害(13>10)
(T42)野狼A將艾倫選為目標
(T42)野狼A用爪子命中艾倫造成8點傷害(23>2)
(T50)艾倫將野狼A選為目標
(T50)艾倫用短刀攻擊野狼A未能命中(16<=18)
(T50)野狼A將艾倫選為目標
(T50)野狼A用爪子攻擊艾倫未能命中(12<=13)
(T59)野狼A將艾倫選為目標
(T59)野狼A用爪子命中艾倫造成7點傷害(13>2)
(T60)艾倫將野狼A選為目標
(T60)艾倫用短刀命中野狼A造成4點傷害(6>3)
(T67)野狼A將艾倫選為目標
(T67)野狼A用爪子命中艾倫造成6點傷害(9>6)
(T70)艾倫將野狼A選為目標
(T70)艾倫用短刀命中野狼A造成2點傷害(18>17)
(T75)野狼A將艾倫選為目標
(T75)野狼A用爪子攻擊艾倫未能命中(9<=16)
(T80)艾倫將野狼A選為目標
(T80)艾倫用短刀命中野狼A造成3點傷害(18>7)
