(T7)野蜂A將艾倫選為目標
(T7)野蜂A從(5,4)到(8,6)
(T14)野蜂A將艾倫選為目標
(T14)野蜂A從(8,6)到(11,8)
(T20)野蜂A將艾倫選為目標
(T20)野蜂A從(11,8)到(13,11)
(T27)野蜂A將艾倫選為目標
(T27)野蜂A從(13,11)到(16,13)
(T30)艾倫從(18,14)到(15,12)
(T34)野蜂A將艾倫選為目標
(T34)野蜂A從(16,13)到(15,11)
(T34)野蜂A用尾針命中艾倫造成2點傷害(9>8)
(T40)艾倫從(15,12)到(12,11)
(T40)野蜂A將艾倫選為目標
(T40)野蜂A從(15,11)到(12,12)
(T40)野蜂A用尾針命中艾倫造成3點傷害(5>4)
(T47)野蜂A將艾倫選為目標
(T47)野蜂A用尾針命中艾倫造成2點傷害(18>6)
(T50)艾倫從(12,11)到(11,8)
(T54)野蜂A將艾倫選為目標
(T54)野蜂A從(12,12)到(13,8)
(T60)野蜂A將艾倫選為目標
(T60)野蜂A從(13,8)到(12,8)
(T60)野蜂A用尾針攻擊艾倫未能命中(3<=14)
(T67)野蜂A將艾倫選為目標
(T67)野蜂A用尾針攻擊艾倫未能命中(6<=18)
(T70)艾倫從(11,8)到(10,8)
(T74)野蜂A將艾倫選為目標
(T74)野蜂A從(12,8)到(11,8)
(T74)野蜂A用尾針命中艾倫造成3點傷害(3>2)
(T80)艾倫從(10,8)到(10,7)
(T80)野蜂A將艾倫選為目標
(T80)野蜂A從(11,8)到(9,7)
(T80)野蜂A用尾針攻擊艾倫未能命中(10<=16)
(T87)野蜂A將艾倫選為目標
(T87)野蜂A用尾針命中艾倫造成3點傷害(20>14)
