(T7)戴恩從(16,10)到(13,8)
(T9)野狼A將戴恩選為目標
(T9)野狼A從(5,4)到(9,7)
(T9)野狼B將戴恩選為目標
(T9)野狼B從(6,3)到(10,6)
(T10)艾倫從(18,13)到(13,12)
(T10)夏洛特從(19,13)到(15,11)
(T14)戴恩用巡林者攻擊野狼A未能命中(10<=11)
(T17)野狼A將戴恩選為目標
(T17)野狼A從(9,7)到(12,8)
(T17)野狼A用爪子命中戴恩造成6點傷害(20>10)
(T17)野狼B將戴恩選為目標
(T17)野狼B從(10,6)到(11,8)
(T20)艾倫從(13,12)到(13,9)
(T20)夏洛特從(15,11)到(13,10)
(T20)夏洛特將野狼A選為目標
(T20)夏洛特用巡林者攻擊野狼A未能命中(3<=15)
(T25)野狼A將戴恩選為目標
(T25)野狼A用爪子命中戴恩造成4點傷害(11>6)
(T25)野狼B將戴恩選為目標
(T25)野狼B從(11,8)到(10,8)
(T28)艾倫將野狼A選為目標
(T28)艾倫用30式手槍攻擊野狼A未能命中(1<=19)
(T28)戴恩從(13,8)到(16,9)
(T28)戴恩用巡林者攻擊野狼A未能命中(6<=14)
(T30)夏洛特將野狼A選為目標
(T30)夏洛特用巡林者命中野狼A造成8點傷害(13>5)
(T34)野狼A將艾倫選為目標
(T34)野狼A從(12,8)到(14,9)
(T34)野狼A用爪子攻擊艾倫未能命中(16<=19)
(T34)野狼B將艾倫選為目標
(T34)野狼B從(10,8)到(12,9)
(T34)野狼B用爪子命中艾倫造成7點傷害(24>17)
(T35)戴恩從(16,9)到(19,9)
(T35)戴恩用巡林者攻擊野狼A未能命中(4<=19)
(T38)艾倫將野狼A選為目標
(T38)艾倫用短刀命中野狼A造成3點傷害(15>7)
(T40)夏洛特將野狼B選為目標
(T40)夏洛特用巡林者命中野狼B造成6點傷害(16>3)
(T42)野狼B將艾倫選為目標
(T42)野狼B用爪子命中艾倫造成7點傷害(17>14)
(T42)戴恩從(19,9)到(16,8)
(T42)戴恩用巡林者命中野狼B造成12點傷害(20>3)
