(T7)戴恩從(16,10)到(10,8)
(T9)野狼A將戴恩選為目標
(T9)野狼A從(5,4)到(9,7)
(T9)野狼B將戴恩選為目標
(T9)野狼B從(6,3)到(10,6)
(T10)艾倫從(18,13)到(13,12)
(T10)夏洛特從(19,13)到(13,13)
(T14)戴恩從(10,8)到(13,8)
(T14)戴恩用栓動步槍攻擊野狼A未能命中(8<=20)
(T17)野狼A將戴恩選為目標
(T17)野狼A從(9,7)到(12,8)
(T17)野狼A用爪子命中戴恩造成9點傷害(17>12)
(T17)野狼B將戴恩選為目標
(T17)野狼B從(10,6)到(11,8)
(T20)艾倫從(13,12)到(12,9)
(T20)艾倫將野狼A選為目標
(T20)艾倫用短刀攻擊野狼A未能命中(3<=22)
(T20)夏洛特從(13,13)到(12,11)
(T20)夏洛特將野狼A選為目標
(T20)夏洛特用栓動步槍命中野狼A造成6點傷害(15>12)
(T20)戴恩從(13,8)到(16,9)
(T20)戴恩用栓動步槍命中野狼A造成1點傷害(15>6)
(T25)野狼A將艾倫選為目標
(T25)野狼A用爪子命中艾倫造成7點傷害(14>13)
(T25)野狼B將艾倫選為目標
(T25)野狼B從(11,8)到(10,8)
(T27)戴恩用栓動步槍攻擊野狼A未能命中(1<=3)
(T30)艾倫將野狼A選為目標
(T30)艾倫用短刀命中野狼A造成2點傷害(6>4)
(T30)夏洛特將野狼A選為目標
(T30)夏洛特用栓動步槍命中野狼A造成3點傷害(9>3)
(T34)野狼B將艾倫選為目標
(T34)野狼B從(10,8)到(13,9)
(T34)野狼B用爪子攻擊艾倫未能命中(9<=19)
(T34)戴恩從(16,9)到(18,9)
(T34)戴恩用栓動步槍攻擊野狼B未能命中(11<=17)
(T40)艾倫將野狼B選為目標
(T40)艾倫用短刀命中野狼B造成4點傷害(18>16)
