(T7)戴恩從(16,10)到(13,8)
(T9)野狼A將戴恩選為目標
(T9)野狼A從(5,4)到(9,7)
(T9)野狼B將戴恩選為目標
(T9)野狼B從(6,3)到(10,6)
(T10)艾倫從(18,13)到(14,11)
(T10)夏洛特從(19,13)到(16,10)
(T14)戴恩用巡林者命中野狼A造成1點傷害(10>4)
(T17)野狼A將戴恩選為目標
(T17)野狼A從(9,7)到(12,8)
(T17)野狼A用爪子攻擊戴恩未能命中(15<=25)
(T17)野狼B將戴恩選為目標
(T17)野狼B從(10,6)到(11,8)
(T20)艾倫從(14,11)到(13,9)
(T20)夏洛特從(16,10)到(13,10)
(T20)夏洛特將野狼A選為目標
(T20)夏洛特用巡林者命中野狼A造成5點傷害(10>7)
(T25)野狼A將戴恩選為目標
(T25)野狼A用爪子命中戴恩造成8點傷害(23>17)
(T25)野狼B將戴恩選為目標
(T25)野狼B從(11,8)到(10,8)
(T28)艾倫將野狼A選為目標
(T28)艾倫用30式手槍命中野狼A造成5點傷害(12>10)
(T28)戴恩從(13,8)到(14,9)
(T28)戴恩用巡林者攻擊野狼B未能命中(11<=16)
(T30)夏洛特將野狼B選為目標
(T30)夏洛特用巡林者命中野狼B造成11點傷害(19>10)
