(T8)狼王C將昏迷的愛麗絲選為目標
(T8)狼王C從(10,7)到(8,5)
(T8)狼王C用爪子攻擊昏迷的愛麗絲未能命中(9<=13)
(T10)老狼A呼喚了野狼D
(T10)老狼B叫換了野狼E
(T10)艾倫從(9,14)到(8,12)
(T10)艾倫從(8,12)到(9,14)
(T16)狼王C將昏迷的愛麗絲選為目標
(T16)狼王C用爪子命中昏迷的愛麗絲造成4點傷害(9>8)
(T19)老狼A將艾倫選為目標
(T19)老狼A從(6,11)到(8,14)
(T19)老狼A用爪子命中艾倫造成6點傷害(17>15)
(T19)老狼B將夏洛特選為目標
(T19)老狼B從(13,12)到(11,14)
(T19)老狼B用爪子命中夏洛特造成7點傷害(19>3)
(T19)野狼D將艾倫選為目標
(T19)野狼D從(0,11)到(6,12)
(T19)野狼E將夏洛特選為目標
(T19)野狼E從(19,12)到(12,12)
(T20)夏洛特將老狼B選為目標
(T20)夏洛特用巡林者攻擊老狼B未能命中(7<=15)
(T24)狼王C將昏迷的愛麗絲選為目標
(T24)狼王C用爪子攻擊昏迷的愛麗絲未能命中(13<=16)
(T27)野狼D將艾倫選為目標
(T27)野狼D從(6,12)到(9,13)
(T27)野狼D用爪子命中艾倫造成10點傷害(23>21)
(T27)野狼E將夏洛特選為目標
(T27)野狼E從(12,12)到(10,13)
(T27)野狼E用爪子攻擊夏洛特未能命中(4<=10)
(T28)老狼A將艾倫選為目標
(T28)老狼A用爪子攻擊艾倫未能命中(12<=13)
(T28)老狼B將夏洛特選為目標
(T28)老狼B用爪子命中夏洛特造成5點傷害(22>2)
