(T8)狼王C將昏迷的愛麗絲選為目標
(T8)狼王C從(10,7)到(8,5)
(T8)狼王C用爪子命中昏迷的愛麗絲造成7點傷害(13>5)
(T10)老狼A呼喚了野狼D
(T10)老狼B呼喚了野狼E
(T10)艾倫從(9,14)到(8,9)
(T16)狼王C將昏迷的愛麗絲選為目標
(T16)狼王C用爪子命中昏迷的愛麗絲造成10點傷害(24>3)
(T19)老狼A將艾倫選為目標
(T19)老狼A從(6,11)到(8,8)
(T19)老狼A用爪子命中艾倫造成8點傷害(25>16)
(T19)老狼B將夏洛特選為目標
(T19)老狼B從(13,12)到(11,14)
(T19)老狼B用爪子命中夏洛特造成6點傷害(17>6)
(T19)野狼D將艾倫選為目標
(T19)野狼D從(0,11)到(5,9)
(T19)野狼E將夏洛特選為目標
(T19)野狼E從(19,12)到(12,12)
(T20)艾倫從(8,9)到(8,7)
(T20)夏洛特從(10,14)到(11,9)
(T24)狼王C將昏迷的愛麗絲選為目標
(T24)狼王C用爪子攻擊昏迷的愛麗絲未能命中(16<=17)
(T27)野狼D將艾倫選為目標
(T27)野狼D從(5,9)到(8,6)
(T27)野狼D用爪子攻擊艾倫未能命中(6<=15)
(T27)野狼E將夏洛特選為目標
(T27)野狼E從(12,12)到(11,8)
(T27)野狼E用爪子命中夏洛特造成7點傷害(21>18)
(T28)老狼A將艾倫選為目標
(T28)老狼A用爪子攻擊艾倫未能命中(16<=17)
(T28)老狼B將夏洛特選為目標
(T28)老狼B從(11,14)到(11,10)
(T28)老狼B用爪子攻擊夏洛特未能命中(6<=10)
(T30)夏洛特從(11,9)到(15,7)
(T31)狼王C將昏迷的愛麗絲選為目標
(T31)狼王C用爪子命中昏迷的愛麗絲造成6點傷害(23>18)
(T35)野狼D將艾倫選為目標
(T35)野狼D用爪子命中艾倫造成4點傷害(23>2)
(T35)野狼E將艾倫選為目標
(T35)野狼E從(11,8)到(9,7)
(T35)野狼E用爪子命中艾倫造成8點傷害(22>21)
(T37)老狼A將艾倫選為目標
(T37)老狼A用爪子命中艾倫造成9點傷害(13>10)
(T37)老狼B將艾倫選為目標
(T37)老狼B從(11,10)到(7,8)
(T39)狼王C將昏迷的愛麗絲選為目標
(T39)狼王C用爪子命中昏迷的愛麗絲造成6點傷害(20>3)
(T40)夏洛特從(15,7)到(16,4)
