(T10)帝國動員兵A將艾倫選為目標
(T10)帝國動員兵A從(0,26)到(8,26)
(T10)帝國動員兵A用栓動步槍命中艾倫造成6點傷害(19>12)
(T10)帝國動員兵B將艾倫選為目標
(T10)帝國動員兵B從(0,28)到(8,28)
(T10)帝國動員兵C將艾倫選為目標
(T10)帝國動員兵C從(0,27)到(8,27)
(T10)帝國動員兵D將艾倫選為目標
(T10)帝國動員兵D從(0,44)到(2,38)
(T10)帝國動員兵E將艾倫選為目標
(T10)帝國動員兵E從(49,44)到(41,44)
(T10)帝國動員兵F將艾倫選為目標
(T10)帝國動員兵F從(5,0)到(13,0)
(T10)帝國動員兵G將艾倫選為目標
(T10)帝國動員兵G從(49,15)到(41,15)
(T10)帝國動員兵H將艾倫選為目標
(T10)帝國動員兵H從(26,44)到(26,36)
(T10)艾倫從(12,25)到(7,26)
(T19)帝國動員兵A將艾倫選為目標
(T19)帝國動員兵A用栓動步槍攻擊艾倫未能命中(1<=9)
(T19)帝國動員兵B將艾倫選為目標
(T19)帝國動員兵B從(8,28)到(7,27)
(T19)帝國動員兵B用栓動步槍命中艾倫造成6點傷害(8>4)
(T19)帝國動員兵C將艾倫選為目標
(T19)帝國動員兵C從(8,27)到(7,25)
(T19)帝國動員兵C用栓動步槍攻擊艾倫未能命中(16<=20)
(T19)帝國動員兵D將艾倫選為目標
(T19)帝國動員兵D從(2,38)到(5,33)
(T19)帝國動員兵E將艾倫選為目標
(T19)帝國動員兵E從(41,44)到(33,44)
(T19)帝國動員兵F將艾倫選為目標
(T19)帝國動員兵F從(13,0)到(21,0)
(T19)帝國動員兵G將艾倫選為目標
(T19)帝國動員兵G從(41,15)到(33,15)
(T19)帝國動員兵H將艾倫選為目標
(T19)帝國動員兵H從(26,36)到(20,34)
