(T7)戴恩從(16,10)到(10,8)
(T9)野狼A將戴恩選為目標
(T9)野狼A從(5,4)到(9,7)
(T9)野狼B將戴恩選為目標
(T9)野狼B從(6,3)到(10,6)
(T10)艾倫從(18,13)到(12,13)
(T10)夏洛特從(19,13)到(14,12)
(T14)戴恩從(10,8)到(13,8)
(T14)戴恩用栓動步槍攻擊野狼A未能命中(4<=21)
(T17)野狼A將戴恩選為目標
(T17)野狼A從(9,7)到(12,8)
(T17)野狼A用爪子攻擊戴恩未能命中(6<=14)
(T17)野狼B將戴恩選為目標
(T17)野狼B從(10,6)到(11,8)
(T20)艾倫從(12,13)到(12,11)
(T20)艾倫從(12,11)到(12,13)
(T20)夏洛特從(14,12)到(12,11)
(T20)夏洛特將野狼B選為目標
(T20)夏洛特用栓動步槍命中野狼B造成7點傷害(15>3)
(T20)戴恩從(13,8)到(16,9)
(T20)戴恩用栓動步槍攻擊野狼A未能命中(5<=5)
(T25)野狼A將夏洛特選為目標
(T25)野狼A從(12,8)到(13,11)
(T25)野狼A用爪子命中夏洛特造成7點傷害(6>1)
(T25)野狼B將夏洛特選為目標
(T25)野狼B從(11,8)到(14,11)
(T27)戴恩從(16,9)到(17,9)
(T27)戴恩用栓動步槍攻擊野狼B未能命中(5<=10)
(T30)艾倫從(12,13)到(14,12)
(T30)艾倫將野狼B選為目標
(T30)艾倫用短刀命中野狼B造成3點傷害(19>6)
(T30)夏洛特將野狼B選為目標
(T30)夏洛特用栓動步槍攻擊野狼B未能命中(3<=20)
(T34)野狼A將夏洛特選為目標
(T34)野狼A用爪子命中夏洛特造成5點傷害(19>12)
(T34)野狼B將艾倫選為目標
(T34)野狼B用爪子命中艾倫造成9點傷害(9>5)
(T34)戴恩用栓動步槍攻擊野狼B未能命中(11<=18)
(T40)艾倫將野狼B選為目標
(T40)艾倫用短刀攻擊野狼B未能命中(6<=8)
(T40)夏洛特將野狼B選為目標
(T40)夏洛特用栓動步槍命中野狼B造成11點傷害(13>12)
(T40)戴恩從(17,9)到(11,8)
(T40)戴恩用栓動步槍命中野狼A造成9點傷害(19>12)
(T42)野狼A將夏洛特選為目標
(T42)野狼A用爪子命中夏洛特造成8點傷害(22>18)
(T47)戴恩用栓動步槍命中野狼A造成1點傷害(6>5)
(T50)艾倫從(14,12)到(13,12)
(T50)艾倫將野狼A選為目標
(T50)艾倫用短刀命中野狼A造成1點傷害(13>3)
