(T7)戴恩從(16,10)到(10,8)
(T9)野狼A將戴恩選為目標
(T9)野狼A從(5,4)到(9,7)
(T9)野狼B將戴恩選為目標
(T9)野狼B從(6,3)到(10,6)
(T10)艾倫從(18,13)到(15,10)
(T14)戴恩從(10,8)到(13,8)
(T14)戴恩用栓動步槍攻擊野狼A未能命中(10<=18)
(T17)野狼A將戴恩選為目標
(T17)野狼A從(9,7)到(12,8)
(T17)野狼A用爪子攻擊戴恩未能命中(6<=24)
(T17)野狼B將戴恩選為目標
(T17)野狼B從(10,6)到(11,8)
(T20)艾倫從(15,10)到(13,9)
(T20)戴恩從(13,8)到(16,9)
(T20)戴恩用栓動步槍命中野狼A造成7點傷害(10>4)
(T25)野狼A將艾倫選為目標
(T25)野狼A從(12,8)到(14,9)
(T25)野狼A用爪子命中艾倫造成7點傷害(11>2)
(T25)野狼B將艾倫選為目標
(T25)野狼B從(11,8)到(12,9)
(T25)野狼B用爪子命中艾倫造成6點傷害(25>11)
(T27)戴恩從(16,9)到(19,9)
(T27)戴恩用栓動步槍命中野狼A造成5點傷害(17>7)
(T34)野狼B將艾倫選為目標
(T34)野狼B用爪子命中艾倫造成6點傷害(18>2)
(T34)戴恩從(19,9)到(14,12)
(T34)戴恩用栓動步槍攻擊野狼B未能命中(12<=22)
(T40)戴恩用栓動步槍攻擊野狼B未能命中(1<=3)
(T42)野狼B將艾倫選為目標
(T42)野狼B用爪子命中艾倫造成9點傷害(18>11)
(T47)戴恩用栓動步槍攻擊野狼B未能命中(2<=4)
