(T9)野狼A將艾倫選為目標
(T9)野狼A從(5,4)到(10,7)
(T17)野狼A將艾倫選為目標
(T17)野狼A從(10,7)到(16,9)
(T20)艾倫從(18,14)到(16,10)
(T20)艾倫將野狼A選為目標
(T20)艾倫用短刀命中野狼A造成1點傷害(16>6)
(T20)夏洛特從(19,14)到(16,12)
(T20)夏洛特將野狼A選為目標
(T20)夏洛特用栓動步槍攻擊野狼A未能命中(17<=17)
(T25)野狼A將艾倫選為目標
(T25)野狼A用爪子攻擊艾倫未能命中(12<=20)
(T30)艾倫將野狼A選為目標
(T30)艾倫用短刀命中野狼A造成3點傷害(16>3)
(T30)夏洛特將野狼A選為目標
(T30)夏洛特用栓動步槍命中野狼A造成1點傷害(15>6)
(T34)野狼A將艾倫選為目標
(T34)野狼A用爪子命中艾倫造成5點傷害(15>7)
(T40)艾倫將野狼A選為目標
(T40)艾倫用短刀命中野狼A造成2點傷害(12>5)
(T40)夏洛特將野狼A選為目標
(T40)夏洛特用栓動步槍攻擊野狼A未能命中(7<=22)
(T42)野狼A將艾倫選為目標
(T42)野狼A用爪子命中艾倫造成7點傷害(15>2)
(T50)艾倫將野狼A選為目標
(T50)艾倫用短刀命中野狼A造成4點傷害(7>3)
