(T7)戴恩從(16,10)到(10,8)
(T9)野狼A將戴恩選為目標
(T9)野狼A從(5,4)到(9,7)
(T9)野狼B將戴恩選為目標
(T9)野狼B從(6,3)到(10,6)
(T14)戴恩從(10,8)到(13,8)
(T14)戴恩用栓動步槍命中野狼A造成8點傷害(14>9)
(T17)野狼A將戴恩選為目標
(T17)野狼A從(9,7)到(12,8)
(T17)野狼A用爪子命中戴恩造成6點傷害(23>16)
(T17)野狼B將戴恩選為目標
(T17)野狼B從(10,6)到(11,8)
(T18)艾倫從(18,13)到(15,10)
(T20)戴恩從(13,8)到(16,9)
(T20)戴恩用栓動步槍攻擊野狼A未能命中(16<=21)
(T25)野狼A將艾倫選為目標
(T25)野狼A從(12,8)到(15,11)
(T25)野狼A用爪子攻擊艾倫未能命中(12<=15)
(T25)野狼B將艾倫選為目標
(T25)野狼B從(11,8)到(14,10)
(T25)野狼B用爪子命中艾倫造成7點傷害(16>3)
(T27)戴恩從(16,9)到(18,9)
(T27)戴恩用栓動步槍命中野狼A造成7點傷害(15>9)
(T34)野狼B將艾倫選為目標
(T34)野狼B用爪子命中艾倫造成4點傷害(22>18)
(T34)戴恩用栓動步槍命中野狼B造成12點傷害(10>7)
