[1]
[2]
[3]
[4]
[5]
[6]
[7]
[8]
[9]
[10]
帝國動員兵A從(0,26)到(8,26)
帝國動員兵A用
帝國動員兵B從(0,28)到(8,28)
帝國動員兵C從(0,27)到(8,27)
帝國動員兵D從(0,44)到(2,38)
帝國動員兵E從(49,44)到(41,44)
帝國動員兵F從(5,0)到(13,0)
帝國動員兵G從(49,15)到(41,15)
帝國動員兵H從(26,44)到(26,36)
[11]
[12]
[13]
[14]
[15]
[16]
[17]
[18]
[19]
帝國動員兵A從(8,26)到(12,26)
帝國動員兵A用
帝國動員兵B從(8,28)到(11,25)
帝國動員兵B用
帝國動員兵C從(8,27)到(13,25)
帝國動員兵C用
帝國動員兵D從(2,38)到(5,33)
帝國動員兵E從(41,44)到(33,44)
帝國動員兵F從(13,0)到(21,0)
帝國動員兵G從(41,15)到(33,15)
帝國動員兵H從(26,36)到(26,28)
[20]
[21]
[22]
帝國動員兵I從(49,44)到(41,44)
[23]
[24]
[25]
[26]
[27]
[28]
