(T7)戴恩從(16,10)到(10,8)
(T9)野狼A將戴恩選為目標
(T9)野狼A從(5,4)到(9,7)
(T9)野狼B將戴恩選為目標
(T9)野狼B從(6,3)到(10,6)
(T10)艾倫從(18,13)到(14,11)
(T10)夏洛特從(19,13)到(15,11)
(T14)戴恩從(10,8)到(13,8)
(T14)戴恩用巡林者攻擊野狼A未能命中(7<=14)
(T17)野狼A將戴恩選為目標
(T17)野狼A從(9,7)到(12,8)
(T17)野狼A用爪子攻擊戴恩未能命中(6<=23)
(T17)野狼B將戴恩選為目標
(T17)野狼B從(10,6)到(11,8)
(T20)艾倫從(14,11)到(12,11)
(T20)艾倫從(12,11)到(13,10)
(T20)艾倫將野狼A選為目標
(T20)艾倫用30式手槍命中野狼A造成6點傷害(10>8)
(T20)夏洛特從(15,11)到(14,10)
(T20)夏洛特將野狼A選為目標
(T20)夏洛特用巡林者命中野狼A造成5點傷害(9>6)
(T20)戴恩從(13,8)到(15,9)
(T20)戴恩用巡林者攻擊野狼B未能命中(3<=8)
(T25)野狼B將艾倫選為目標
(T25)野狼B從(11,8)到(13,9)
(T25)野狼B用爪子命中艾倫造成10點傷害(20>15)
(T27)戴恩從(15,9)到(18,9)
(T27)戴恩用巡林者攻擊野狼B未能命中(12<=15)
(T30)夏洛特將野狼B選為目標
(T30)夏洛特用巡林者命中野狼B造成10點傷害(7>3)
(T34)野狼B將艾倫選為目標
(T34)野狼B用爪子命中艾倫造成9點傷害(15>5)
(T34)戴恩用巡林者攻擊野狼B未能命中(9<=13)
(T40)艾倫將野狼B選為目標
(T40)艾倫用30式手槍攻擊野狼B未能命中(5<=16)
(T40)夏洛特將野狼B選為目標
(T40)夏洛特用巡林者攻擊野狼B未能命中(17<=19)
(T40)戴恩用巡林者攻擊野狼B未能命中(2<=13)
(T42)野狼B將艾倫選為目標
(T42)野狼B用爪子命中艾倫造成6點傷害(10>5)
(T47)戴恩用巡林者攻擊野狼B未能命中(9<=15)
(T50)夏洛特將野狼B選為目標
(T50)夏洛特用巡林者攻擊野狼B未能命中(5<=18)
(T50)野狼B將艾倫選為目標
(T50)野狼B用爪子命中艾倫造成5點傷害(8>7)
(T54)戴恩用巡林者攻擊野狼B未能命中(10<=16)
(T59)野狼B將艾倫選為目標
(T59)野狼B用爪子命中艾倫造成10點傷害(22>7)
(T60)戴恩用巡林者命中野狼B造成3點傷害(12>11)
