(T7)戴恩從(16,10)到(10,8)
(T9)野狼A將戴恩選為目標
(T9)野狼A從(5,4)到(9,7)
(T9)野狼B將戴恩選為目標
(T9)野狼B從(6,3)到(10,6)
(T14)戴恩從(10,8)到(13,8)
(T14)戴恩用栓動步槍攻擊野狼A未能命中(13<=18)
(T17)野狼A將戴恩選為目標
(T17)野狼A從(9,7)到(12,8)
(T17)野狼A用爪子攻擊戴恩未能命中(8<=14)
(T17)野狼B將戴恩選為目標
(T17)野狼B從(10,6)到(11,8)
(T18)艾倫從(18,13)到(14,11)
(T20)戴恩從(13,8)到(16,9)
(T20)戴恩用栓動步槍命中野狼A造成9點傷害(17>9)
(T25)野狼A將艾倫選為目標
(T25)野狼A從(12,8)到(13,11)
(T25)野狼A用爪子命中艾倫造成5點傷害(19>17)
(T25)野狼B將艾倫選為目標
(T25)野狼B從(11,8)到(14,10)
(T25)野狼B用爪子命中艾倫造成7點傷害(24>9)
(T27)戴恩從(16,9)到(18,9)
(T27)戴恩用栓動步槍命中野狼B造成10點傷害(13>5)
(T34)野狼A將艾倫選為目標
(T34)野狼A用爪子命中艾倫造成7點傷害(22>8)
(T34)野狼B將艾倫選為目標
(T34)野狼B用爪子命中艾倫造成7點傷害(21>13)
(T34)戴恩用栓動步槍命中野狼B造成11點傷害(20>14)
(T40)戴恩從(18,9)到(16,13)
(T40)戴恩用栓動步槍攻擊野狼A未能命中(1<=13)
(T42)野狼A將艾倫選為目標
(T42)野狼A用爪子攻擊艾倫未能命中(12<=18)
(T44)艾倫從(14,11)到(13,10)
(T44)艾倫將野狼A選為目標
(T44)艾倫用短刀命中野狼A造成3點傷害(16>6)
