[1]
[2]
[3]
[4]
[5]
[6]
[7]
[8]
[9]
[10]
帝國動員兵A從(0,26)到(8,26)
帝國動員兵A用栓動步槍命中艾倫造成11點傷害(6>4)
帝國動員兵B從(0,28)到(8,28)
帝國動員兵C從(0,27)到(8,27)
帝國動員兵D從(0,44)到(2,38)
帝國動員兵E從(49,44)到(41,44)
帝國動員兵F從(5,0)到(13,0)
帝國動員兵G從(49,15)到(41,15)
帝國動員兵H從(26,44)到(26,36)
[11]
[12]
[13]
[14]
[15]
[16]
[17]
[18]
[19]
帝國動員兵A從(8,26)到(12,26)
帝國動員兵A用
帝國動員兵B從(8,28)到(11,25)
帝國動員兵B用栓動步槍命中艾倫造成1點傷害(14>7)
帝國動員兵C從(8,27)到(13,25)
帝國動員兵C用
帝國動員兵D從(2,38)到(5,33)
帝國動員兵E從(41,44)到(33,44)
帝國動員兵F從(13,0)到(21,0)
帝國動員兵G從(41,15)到(33,15)
帝國動員兵H從(26,36)到(26,28)
[20]
[21]
[22]
帝國動員兵I從(49,44)到(41,44)
[23]
[24]
[25]
[26]
[27]
[28]
帝國動員兵A用
帝國動員兵B用栓動步槍命中艾倫造成2點傷害(19>17)
帝國動員兵C用
帝國動員兵D從(5,33)到(9,29)
帝國動員兵E從(33,44)到(27,42)
帝國動員兵F從(21,0)到(26,3)
帝國動員兵G從(33,15)到(25,15)
帝國動員兵H從(26,28)到(18,28)
[29]
[30]
[31]
帝國動員兵I從(41,44)到(33,44)
[32]
[33]
[34]
[35]
[36]
[37]
帝國動員兵A用
帝國動員兵B用
帝國動員兵C用
帝國動員兵D從(9,29)到(12,24)
帝國動員兵D用
帝國動員兵E從(27,42)到(26,35)
帝國動員兵F從(26,3)到(26,11)
帝國動員兵G從(25,15)到(22,20)
帝國動員兵H從(18,28)到(26,28)
[38]
[39]
[40]
帝國動員兵I從(33,44)到(27,42)
[41]
[42]
[43]
[44]
[45]
[46]
帝國動員兵A用栓動步槍命中艾倫造成6點傷害(9>4)
帝國動員兵B用
帝國動員兵C用栓動步槍命中艾倫造成5點傷害(6>5)
帝國動員兵D用栓動步槍命中艾倫造成2點傷害(10>6)
帝國動員兵E從(26,35)到(27,28)
帝國動員兵F從(26,11)到(23,16)
帝國動員兵G從(22,20)到(30,20)
帝國動員兵H從(26,28)到(26,20)
[47]
[48]
[49]
帝國動員兵I從(27,42)到(26,35)
[50]
[51]
[52]
[53]
[54]
[55]
帝國動員兵A用栓動步槍命中艾倫造成7點傷害(13>5)
帝國動員兵B用
帝國動員兵C用栓動步槍命中艾倫造成8點傷害(17>2)
帝國動員兵D用
帝國動員兵E從(27,28)到(27,20)
帝國動員兵F從(23,16)到(31,16)
帝國動員兵G從(30,20)到(23,21)
帝國動員兵H從(26,20)到(20,22)
[56]
[57]
[58]
帝國動員兵I從(26,35)到(26,27)
[59]
[60]
[61]
[62]
[63]
[64]
帝國動員兵A用栓動步槍命中艾倫造成8點傷害(5>3)
帝國動員兵B用
帝國動員兵C用栓動步槍命中艾倫造成10點傷害(7>1)
帝國動員兵D用
帝國動員兵E從(27,20)到(21,22)
帝國動員兵F從(31,16)到(23,16)
帝國動員兵G從(23,21)到(31,21)
帝國動員兵H從(20,22)到(26,22)
[65]
[66]
[67]
帝國動員兵I從(26,27)到(26,21)
[68]
[69]
[70]
