(T7)戴恩從(16,10)到(10,8)
(T9)野狼A將戴恩選為目標
(T9)野狼A從(5,4)到(9,7)
(T9)野狼B將戴恩選為目標
(T9)野狼B從(6,3)到(10,6)
(T10)艾倫從(18,13)到(14,11)
(T10)夏洛特從(19,13)到(16,10)
(T14)戴恩從(10,8)到(13,8)
(T14)戴恩用栓動步槍攻擊野狼A未能命中(9<=12)
(T17)野狼A將戴恩選為目標
(T17)野狼A從(9,7)到(12,8)
(T17)野狼A用爪子命中戴恩造成7點傷害(21>9)
(T17)野狼B將戴恩選為目標
(T17)野狼B從(10,6)到(11,8)
(T20)戴恩從(13,8)到(16,9)
(T20)戴恩用栓動步槍攻擊野狼A未能命中(9<=18)
(T25)野狼A將艾倫選為目標
(T25)野狼A從(12,8)到(13,11)
(T25)野狼A用爪子命中艾倫造成7點傷害(18>8)
(T25)野狼B將艾倫選為目標
(T25)野狼B從(11,8)到(14,10)
(T25)野狼B用爪子命中艾倫造成5點傷害(22>4)
(T27)戴恩從(16,9)到(18,9)
(T27)戴恩用栓動步槍攻擊野狼B未能命中(3<=19)
