(T7)戴恩從(16,10)到(10,8)
(T9)野狼A將戴恩選為目標
(T9)野狼A從(5,4)到(9,7)
(T9)野狼B將戴恩選為目標
(T9)野狼B從(6,3)到(10,6)
(T10)艾倫從(18,13)到(14,11)
(T10)夏洛特從(19,13)到(15,11)
(T14)戴恩從(10,8)到(13,8)
(T14)戴恩用巡林者攻擊野狼A未能命中(8<=11)
(T17)野狼A將戴恩選為目標
(T17)野狼A從(9,7)到(12,8)
(T17)野狼A用爪子攻擊戴恩未能命中(5<=10)
(T17)野狼B將戴恩選為目標
(T17)野狼B從(10,6)到(11,8)
(T20)艾倫從(14,11)到(13,10)
(T20)夏洛特從(15,11)到(15,9)
(T20)戴恩從(13,8)到(15,10)
(T20)戴恩用巡林者攻擊野狼A未能命中(1<=20)
(T25)野狼A將艾倫選為目標
(T25)野狼A從(12,8)到(14,10)
(T25)野狼A用爪子命中艾倫造成5點傷害(7>6)
(T25)野狼B將艾倫選為目標
(T25)野狼B從(11,8)到(13,9)
(T25)野狼B用爪子攻擊艾倫未能命中(17<=17)
(T27)戴恩從(15,10)到(19,10)
(T27)戴恩用巡林者命中野狼A造成5點傷害(18>15)
(T30)艾倫從(13,10)到(16,13)
(T30)夏洛特從(15,9)到(19,8)
(T34)野狼A將艾倫選為目標
(T34)野狼A從(14,10)到(17,13)
(T34)野狼A用爪子命中艾倫造成10點傷害(18>8)
(T34)野狼B將艾倫選為目標
(T34)野狼B從(13,9)到(15,13)
(T34)野狼B用爪子命中艾倫造成8點傷害(24>7)
(T34)戴恩用巡林者攻擊野狼A未能命中(6<=8)
(T40)艾倫從(16,13)到(16,7)
(T40)夏洛特從(19,8)到(16,8)
(T40)戴恩用巡林者攻擊野狼A未能命中(2<=10)
(T42)野狼A將戴恩選為目標
(T42)野狼A從(17,13)到(19,9)
(T42)野狼A用爪子攻擊戴恩未能命中(12<=15)
(T42)野狼B將夏洛特選為目標
(T42)野狼B從(15,13)到(16,9)
(T42)野狼B用爪子命中夏洛特造成9點傷害(14>10)
(T47)戴恩從(19,10)到(16,11)
(T47)戴恩用巡林者攻擊野狼A未能命中(14<=20)
(T50)野狼A將夏洛特選為目標
(T50)野狼A從(19,9)到(15,9)
(T50)野狼B將夏洛特選為目標
(T50)野狼B用爪子攻擊夏洛特未能命中(5<=6)
(T54)戴恩從(16,11)到(19,11)
(T54)戴恩用巡林者命中野狼B造成8點傷害(19>11)
(T58)夏洛特將野狼B選為目標
(T58)夏洛特用巡林者命中野狼B造成10點傷害(5>3)
(T59)野狼A將夏洛特選為目標
(T59)野狼A從(15,9)到(16,9)
(T59)野狼A用爪子命中夏洛特造成7點傷害(20>12)
(T60)戴恩用巡林者攻擊野狼A未能命中(1<=16)
(T67)野狼A將夏洛特選為目標
(T67)野狼A用爪子命中夏洛特造成8點傷害(10>6)
(T67)戴恩用巡林者攻擊野狼A未能命中(4<=16)
(T68)夏洛特將野狼A選為目標
(T68)夏洛特用巡林者命中野狼A造成8點傷害(16>5)
