(T9)野狼A將艾倫選為目標
(T9)野狼A從(5,4)到(10,7)
(T10)艾倫從(18,14)到(14,12)
(T10)夏洛特從(19,14)到(15,12)
(T17)野狼A將艾倫選為目標
(T17)野狼A從(10,7)到(14,11)
(T17)野狼A用爪子命中艾倫造成5點傷害(22>20)
(T20)艾倫將野狼A選為目標
(T20)艾倫用短刀命中野狼A造成2點傷害(16>14)
(T20)夏洛特將野狼A選為目標
(T20)夏洛特用栓動步槍攻擊野狼A未能命中(8<=13)
(T25)野狼A將艾倫選為目標
(T25)野狼A用爪子命中艾倫造成5點傷害(21>17)
(T30)艾倫將野狼A選為目標
(T30)艾倫用短刀命中野狼A造成3點傷害(15>9)
(T30)夏洛特將野狼A選為目標
(T30)夏洛特用栓動步槍命中野狼A造成4點傷害(20>5)
(T34)野狼A將艾倫選為目標
(T34)野狼A用爪子命中艾倫造成7點傷害(10>2)
(T40)艾倫將野狼A選為目標
(T40)艾倫用短刀攻擊野狼A未能命中(12<=17)
(T40)夏洛特將野狼A選為目標
(T40)夏洛特用栓動步槍命中野狼A造成4點傷害(19>3)
