(T9)野狼A將艾倫選為目標
(T9)野狼A從(5,4)到(10,7)
(T10)艾倫從(18,14)到(15,11)
(T17)野狼A將艾倫選為目標
(T17)野狼A從(10,7)到(15,10)
(T17)野狼A用爪子命中艾倫造成8點傷害(11>6)
(T25)野狼A將艾倫選為目標
(T25)野狼A用爪子命中艾倫造成7點傷害(22>18)
(T34)野狼A將艾倫選為目標
(T34)野狼A用爪子命中艾倫造成7點傷害(8>6)
(T42)野狼A將艾倫選為目標
(T42)野狼A用爪子命中艾倫造成7點傷害(21>12)
(T50)野狼A將艾倫選為目標
(T50)野狼A用爪子攻擊艾倫未能命中(18<=18)
(T59)野狼A將艾倫選為目標
(T59)野狼A用爪子攻擊艾倫未能命中(9<=14)
(T67)野狼A將艾倫選為目標
(T67)野狼A用爪子攻擊艾倫未能命中(5<=7)
(T75)野狼A將艾倫選為目標
(T75)野狼A用爪子攻擊艾倫未能命中(5<=18)
(T84)野狼A將艾倫選為目標
(T84)野狼A用爪子命中艾倫造成7點傷害(19>17)
(T92)野狼A將艾倫選為目標
(T92)野狼A用爪子命中艾倫造成6點傷害(19>17)
(T100)野狼A將艾倫選為目標
(T100)野狼A用爪子命中艾倫造成6點傷害(11>7)
(T109)野狼A將艾倫選為目標
(T109)野狼A用爪子命中艾倫造成8點傷害(15>3)
(T117)野狼A將艾倫選為目標
(T117)野狼A用爪子命中艾倫造成7點傷害(18>4)
(T125)野狼A將艾倫選為目標
(T125)野狼A用爪子命中艾倫造成9點傷害(19>1)
(T134)野狼A將艾倫選為目標
(T134)野狼A用爪子攻擊艾倫未能命中(15<=17)
(T142)野狼A將艾倫選為目標
(T142)野狼A用爪子命中艾倫造成7點傷害(7>4)
