(T7)戴恩從(16,10)到(10,8)
(T9)野狼A將戴恩選為目標
(T9)野狼A從(5,4)到(9,7)
(T9)野狼B將戴恩選為目標
(T9)野狼B從(6,3)到(10,6)
(T10)艾倫從(18,13)到(14,11)
(T10)夏洛特從(19,13)到(16,10)
(T14)戴恩從(10,8)到(13,8)
(T14)戴恩用栓動步槍攻擊野狼A未能命中(4<=6)
(T17)野狼A將戴恩選為目標
(T17)野狼A從(9,7)到(12,8)
(T17)野狼A用爪子攻擊戴恩未能命中(10<=14)
(T17)野狼B將戴恩選為目標
(T17)野狼B從(10,6)到(11,8)
(T20)艾倫從(14,11)到(12,9)
(T20)艾倫將野狼A選為目標
(T20)艾倫用短刀攻擊野狼A未能命中(5<=15)
(T20)夏洛特從(16,10)到(13,10)
(T20)夏洛特將野狼A選為目標
(T20)夏洛特用栓動步槍命中野狼A造成8點傷害(17>6)
(T20)戴恩從(13,8)到(16,9)
(T20)戴恩用栓動步槍命中野狼A造成6點傷害(7>4)
(T25)野狼B將艾倫選為目標
(T25)野狼B從(11,8)到(13,9)
(T25)野狼B用爪子攻擊艾倫未能命中(16<=18)
(T27)戴恩從(16,9)到(18,9)
(T27)戴恩用栓動步槍攻擊野狼B未能命中(9<=18)
(T30)艾倫將野狼B選為目標
(T30)艾倫用短刀攻擊野狼B未能命中(2<=7)
(T30)夏洛特從(13,10)到(13,13)
(T30)夏洛特將野狼B選為目標
(T30)夏洛特用栓動步槍命中野狼B造成11點傷害(16>13)
