(T9)野狼A將艾倫選為目標
(T9)野狼A從(5,4)到(10,7)
(T17)野狼A將艾倫選為目標
(T17)野狼A從(10,7)到(16,9)
(T20)艾倫從(18,14)到(16,10)
(T20)艾倫將野狼A選為目標
(T20)艾倫用短刀攻擊野狼A未能命中(2<=9)
(T20)夏洛特從(19,14)到(16,11)
(T20)夏洛特將野狼A選為目標
(T20)夏洛特用栓動步槍攻擊野狼A未能命中(4<=20)
(T25)野狼A將艾倫選為目標
(T25)野狼A用爪子攻擊艾倫未能命中(4<=7)
(T34)野狼A將艾倫選為目標
(T34)野狼A用爪子命中艾倫造成8點傷害(26>19)
(T40)艾倫將野狼A選為目標
(T40)艾倫用短刀命中野狼A造成1點傷害(14>4)
(T42)野狼A將艾倫選為目標
(T42)野狼A用爪子命中艾倫造成4點傷害(23>19)
(T50)艾倫將野狼A選為目標
(T50)艾倫用短刀命中野狼A造成1點傷害(18>8)
(T50)野狼A將艾倫選為目標
(T50)野狼A用爪子命中艾倫造成8點傷害(15>1)
(T59)野狼A將艾倫選為目標
(T59)野狼A用爪子命中艾倫造成9點傷害(23>5)
(T60)艾倫將野狼A選為目標
(T60)艾倫用短刀命中野狼A造成2點傷害(20>11)
(T67)野狼A將艾倫選為目標
(T67)野狼A用爪子攻擊艾倫未能命中(10<=13)
(T70)艾倫將野狼A選為目標
(T70)艾倫用短刀命中野狼A造成2點傷害(19>3)
(T75)野狼A將艾倫選為目標
(T75)野狼A用爪子命中艾倫造成6點傷害(22>12)
(T80)艾倫將野狼A選為目標
(T80)艾倫用短刀命中野狼A造成2點傷害(13>6)
(T84)野狼A將艾倫選為目標
(T84)野狼A用爪子攻擊艾倫未能命中(5<=13)
(T90)艾倫將野狼A選為目標
(T90)艾倫用短刀命中野狼A造成2點傷害(11>4)
(T92)野狼A將艾倫選為目標
(T92)野狼A用爪子命中艾倫造成6點傷害(14>5)
(T100)艾倫將野狼A選為目標
(T100)艾倫用短刀命中野狼A造成1點傷害(15>14)
