(T7)戴恩從(16,10)到(13,8)
(T9)野狼A將戴恩選為目標
(T9)野狼A從(5,4)到(9,7)
(T9)野狼B將戴恩選為目標
(T9)野狼B從(6,3)到(10,6)
(T10)艾倫從(18,13)到(14,11)
(T10)夏洛特從(19,13)到(16,10)
(T14)戴恩用巡林者攻擊野狼A未能命中(3<=20)
(T17)野狼A將戴恩選為目標
(T17)野狼A從(9,7)到(12,8)
(T17)野狼A用爪子攻擊戴恩未能命中(18<=21)
(T17)野狼B將戴恩選為目標
(T17)野狼B從(10,6)到(11,8)
(T20)艾倫從(14,11)到(13,10)
(T20)艾倫將野狼A選為目標
(T20)艾倫用30式手槍攻擊野狼A未能命中(20<=20)
(T20)夏洛特從(16,10)到(13,9)
(T20)夏洛特將野狼A選為目標
(T20)夏洛特用巡林者攻擊野狼A未能命中(1<=13)
(T20)戴恩從(13,8)到(16,9)
(T20)戴恩用巡林者命中野狼A造成4點傷害(18>7)
(T25)野狼A將夏洛特選為目標
(T25)野狼A從(12,8)到(14,9)
(T25)野狼A用爪子攻擊夏洛特未能命中(12<=16)
(T25)野狼B將夏洛特選為目標
(T25)野狼B從(11,8)到(12,9)
(T25)野狼B用爪子攻擊夏洛特未能命中(5<=11)
(T27)戴恩從(16,9)到(19,9)
(T27)戴恩用巡林者攻擊野狼A未能命中(13<=13)
(T30)艾倫將野狼A選為目標
(T30)艾倫用30式手槍命中野狼A造成3點傷害(20>8)
(T30)夏洛特將野狼A選為目標
(T30)夏洛特用巡林者命中野狼A造成9點傷害(13>4)
(T34)野狼B將夏洛特選為目標
(T34)野狼B用爪子攻擊夏洛特未能命中(8<=16)
(T34)戴恩從(19,9)到(16,8)
(T34)戴恩用巡林者攻擊野狼B未能命中(4<=6)
(T40)艾倫將野狼B選為目標
(T40)艾倫用30式手槍攻擊野狼B未能命中(4<=4)
(T40)夏洛特將野狼B選為目標
(T40)夏洛特用巡林者命中野狼B造成3點傷害(12>8)
(T40)戴恩用巡林者命中野狼B造成9點傷害(6>3)
