(T7)戴恩從(16,10)到(10,8)
(T9)野狼A將戴恩選為目標
(T9)野狼A從(5,4)到(9,7)
(T9)野狼B將戴恩選為目標
(T9)野狼B從(6,3)到(10,6)
(T10)艾倫從(18,13)到(14,11)
(T14)戴恩從(10,8)到(13,8)
(T14)戴恩用巡林者攻擊野狼A未能命中(12<=21)
(T17)野狼A將戴恩選為目標
(T17)野狼A從(9,7)到(12,8)
(T17)野狼A用爪子命中戴恩造成9點傷害(12>7)
(T17)野狼B將戴恩選為目標
(T17)野狼B從(10,6)到(11,8)
(T20)艾倫從(14,11)到(13,9)
(T20)戴恩從(13,8)到(16,9)
(T20)戴恩用巡林者命中野狼A造成12點傷害(17>6)
(T25)野狼B將艾倫選為目標
(T25)野狼B從(11,8)到(14,9)
(T25)野狼B用爪子命中艾倫造成6點傷害(19>5)
(T27)戴恩從(16,9)到(19,9)
(T27)戴恩用巡林者攻擊野狼B未能命中(11<=11)
(T34)野狼B將艾倫選為目標
(T34)野狼B用爪子命中艾倫造成7點傷害(26>7)
(T34)戴恩用巡林者攻擊野狼B未能命中(1<=18)
(T40)戴恩用巡林者命中野狼B造成6點傷害(9>3)
(T42)野狼B將艾倫選為目標
(T42)野狼B用爪子攻擊艾倫未能命中(11<=18)
(T47)戴恩用巡林者攻擊野狼B未能命中(5<=13)
(T50)野狼B將艾倫選為目標
(T50)野狼B用爪子攻擊艾倫未能命中(5<=14)
(T54)戴恩用巡林者攻擊野狼B未能命中(6<=13)
