(T7)戴恩從(16,10)到(13,8)
(T9)野狼A將戴恩選為目標
(T9)野狼A從(5,4)到(9,7)
(T9)野狼B將戴恩選為目標
(T9)野狼B從(6,3)到(10,6)
(T10)艾倫從(18,13)到(13,12)
(T10)夏洛特從(19,13)到(15,11)
(T14)戴恩用巡林者命中野狼A造成11點傷害(18>3)
(T17)野狼B將戴恩選為目標
(T17)野狼B從(10,6)到(12,8)
(T17)野狼B用爪子命中戴恩造成4點傷害(15>14)
(T20)艾倫從(13,12)到(12,9)
(T20)艾倫將野狼B選為目標
(T20)艾倫用短刀命中野狼B造成2點傷害(9>5)
(T20)夏洛特從(15,11)到(13,10)
(T20)夏洛特將野狼B選為目標
(T20)夏洛特用巡林者命中野狼B造成5點傷害(12>7)
(T20)戴恩從(13,8)到(16,9)
(T20)戴恩用巡林者攻擊野狼B未能命中(4<=6)
(T25)野狼B將艾倫選為目標
(T25)野狼B用爪子攻擊艾倫未能命中(6<=10)
(T27)戴恩用巡林者攻擊野狼B未能命中(18<=22)
(T30)艾倫將野狼B選為目標
(T30)艾倫用短刀命中野狼B造成1點傷害(12>8)
(T30)夏洛特將野狼B選為目標
(T30)夏洛特用巡林者命中野狼B造成3點傷害(14>6)
