(T7)戴恩從(16,10)到(13,8)
(T9)野狼A將戴恩選為目標
(T9)野狼A從(5,4)到(9,7)
(T9)野狼B將戴恩選為目標
(T9)野狼B從(6,3)到(10,6)
(T10)艾倫從(18,13)到(13,12)
(T10)夏洛特從(19,13)到(15,11)
(T14)戴恩用巡林者攻擊野狼A未能命中(15<=22)
(T17)野狼A將戴恩選為目標
(T17)野狼A從(9,7)到(12,8)
(T17)野狼A用爪子攻擊戴恩未能命中(6<=24)
(T17)野狼B將戴恩選為目標
(T17)野狼B從(10,6)到(11,8)
(T20)艾倫從(13,12)到(13,9)
(T20)艾倫從(13,9)到(12,9)
(T20)艾倫將野狼A選為目標
(T20)艾倫用短刀攻擊野狼A未能命中(4<=19)
(T20)夏洛特從(15,11)到(12,11)
(T20)夏洛特將野狼A選為目標
(T20)夏洛特用巡林者命中野狼A造成12點傷害(15>7)
(T20)戴恩從(13,8)到(15,9)
(T20)戴恩用巡林者攻擊野狼B未能命中(11<=22)
(T25)野狼B將艾倫選為目標
(T25)野狼B從(11,8)到(13,9)
(T25)野狼B用爪子攻擊艾倫未能命中(9<=20)
(T27)戴恩從(15,9)到(18,9)
(T27)戴恩用巡林者命中野狼B造成6點傷害(17>13)
(T30)艾倫將野狼B選為目標
(T30)艾倫用短刀命中野狼B造成1點傷害(19>7)
(T30)夏洛特將野狼B選為目標
(T30)夏洛特用巡林者命中野狼B造成5點傷害(15>3)
