(T7)戴恩從(16,10)到(13,8)
(T9)野狼A將戴恩選為目標
(T9)野狼A從(5,4)到(9,7)
(T9)野狼B將戴恩選為目標
(T9)野狼B從(6,3)到(10,6)
(T14)戴恩用巡林者攻擊野狼A未能命中(18<=20)
(T17)野狼A將戴恩選為目標
(T17)野狼A從(9,7)到(12,8)
(T17)野狼A用爪子命中戴恩造成8點傷害(24>13)
(T17)野狼B將戴恩選為目標
(T17)野狼B從(10,6)到(11,8)
(T20)艾倫從(18,13)到(15,10)
(T20)夏洛特從(19,13)到(13,13)
(T20)戴恩從(13,8)到(16,9)
(T20)戴恩用巡林者攻擊野狼A未能命中(4<=21)
(T25)野狼A將艾倫選為目標
(T25)野狼A從(12,8)到(15,11)
(T25)野狼A用爪子命中艾倫造成7點傷害(12>6)
(T25)野狼B將艾倫選為目標
(T25)野狼B從(11,8)到(14,10)
(T25)野狼B用爪子攻擊艾倫未能命中(10<=10)
(T27)戴恩從(16,9)到(18,9)
(T27)戴恩用巡林者攻擊野狼A未能命中(5<=19)
(T30)夏洛特將野狼A選為目標
(T30)夏洛特用巡林者命中野狼A造成11點傷害(16>15)
(T34)野狼B將艾倫選為目標
(T34)野狼B用爪子攻擊艾倫未能命中(13<=18)
(T34)戴恩用巡林者命中野狼B造成10點傷害(18>10)
(T38)艾倫將野狼B選為目標
(T38)艾倫用短刀命中野狼B造成4點傷害(20>7)
