(T7)野蜂A將艾倫選為目標
(T7)野蜂A從(3,1)到(3,6)
(T10)艾倫從(3,12)到(3,7)
(T10)艾倫將野蜂A選為目標
(T10)艾倫用短刀攻擊野蜂A未能命中(17<=19)
(T10)夏洛特從(4,12)到(3,9)
(T10)夏洛特將野蜂A選為目標
(T10)夏洛特用巡林者攻擊野蜂A未能命中(8<=16)
(T14)野蜂A將艾倫選為目標
(T14)野蜂A用尾針命中艾倫造成3點傷害(15>3)
(T20)艾倫將野蜂A選為目標
(T20)艾倫用30式手槍攻擊野蜂A未能命中(5<=8)
(T20)野蜂A將艾倫選為目標
(T20)野蜂A用尾針命中艾倫造成2點傷害(12>1)
(T27)野蜂A將艾倫選為目標
(T27)野蜂A用尾針命中艾倫造成2點傷害(16>5)
(T30)艾倫將野蜂A選為目標
(T30)艾倫用短刀命中野蜂A造成1點傷害(20>16)
(T34)野蜂A將艾倫選為目標
(T34)野蜂A用尾針攻擊艾倫未能命中(12<=20)
(T40)艾倫將野蜂A選為目標
(T40)艾倫用短刀攻擊野蜂A未能命中(11<=11)
(T40)野蜂A將艾倫選為目標
(T40)野蜂A用尾針命中艾倫造成3點傷害(7>6)
(T47)野蜂A將艾倫選為目標
(T47)野蜂A用尾針攻擊艾倫未能命中(2<=11)
(T48)艾倫從(3,7)到(3,8)
(T50)夏洛特從(3,9)到(4,11)
(T54)野蜂A將艾倫選為目標
(T54)野蜂A從(3,6)到(3,7)
(T54)野蜂A用尾針命中艾倫造成3點傷害(18>12)
(T58)艾倫從(3,8)到(1,10)
(T60)夏洛特從(4,11)到(3,8)
(T60)夏洛特將野蜂A選為目標
(T60)夏洛特用獵刀命中野蜂A造成3點傷害(8>6)
(T60)野蜂A將夏洛特選為目標
(T60)野蜂A用尾針命中夏洛特造成3點傷害(15>7)
(T67)野蜂A將夏洛特選為目標
(T67)野蜂A用尾針攻擊夏洛特未能命中(5<=6)
(T70)夏洛特將野蜂A選為目標
(T70)夏洛特用獵刀命中野蜂A造成5點傷害(15>14)
