(T9)野狼A將艾倫選為目標
(T9)野狼A從(5,4)到(10,7)
(T10)艾倫從(18,14)到(15,11)
(T10)夏洛特從(19,14)到(16,11)
(T17)野狼A將艾倫選為目標
(T17)野狼A從(10,7)到(15,10)
(T17)野狼A用爪子命中艾倫造成8點傷害(19>7)
(T20)艾倫將野狼A選為目標
(T20)艾倫用短刀命中野狼A造成2點傷害(6>3)
(T20)夏洛特從(16,11)到(14,12)
(T20)夏洛特將野狼A選為目標
(T20)夏洛特用栓動步槍命中野狼A造成4點傷害(19>8)
(T25)野狼A將艾倫選為目標
(T25)野狼A用爪子攻擊艾倫未能命中(12<=14)
(T30)艾倫將野狼A選為目標
(T30)艾倫用短刀攻擊野狼A未能命中(2<=18)
(T30)夏洛特將野狼A選為目標
(T30)夏洛特用栓動步槍攻擊野狼A未能命中(14<=22)
(T34)野狼A將艾倫選為目標
(T34)野狼A用爪子命中艾倫造成6點傷害(16>8)
(T42)野狼A將艾倫選為目標
(T42)野狼A用爪子命中艾倫造成5點傷害(10>7)
(T50)野狼A將艾倫選為目標
(T50)野狼A用爪子命中艾倫造成7點傷害(21>2)
(T59)野狼A將艾倫選為目標
(T59)野狼A用爪子命中艾倫造成6點傷害(20>1)
(T67)野狼A將艾倫選為目標
(T67)野狼A用爪子命中艾倫造成7點傷害(8>5)
(T75)野狼A將艾倫選為目標
(T75)野狼A用爪子命中艾倫造成6點傷害(22>16)
(T84)野狼A將艾倫選為目標
(T84)野狼A用爪子命中艾倫造成8點傷害(17>16)
