(T9)愛麗絲從(27,26)到(26,24)
(T10)帝國動員兵A將愛麗絲選為目標
(T10)帝國動員兵A從(20,24)到(22,24)
(T10)帝國動員兵A用無畏二型攻擊愛麗絲未能命中(12<=16)
(T13)帝國裝甲車"阿斯提"B將愛麗絲選為目標
(T13)帝國裝甲車"阿斯提"B從(2,25)到(2,25)
(T19)帝國動員兵A將愛麗絲選為目標
(T19)帝國動員兵A從(22,24)到(25,22)
(T22)帝國動員兵C將愛麗絲選為目標
(T22)帝國動員兵C從(49,44)到(49,39)
(T25)帝國裝甲車"阿斯提"B將愛麗絲選為目標
(T25)帝國裝甲車"阿斯提"B從(2,25)到(2,25)
(T28)帝國動員兵A將愛麗絲選為目標
(T28)帝國動員兵A從(25,22)到(27,24)
(T28)帝國動員兵A對愛麗絲發起刺刀突擊,未命中(1<=1)
(T31)帝國動員兵C將愛麗絲選為目標
(T31)帝國動員兵C從(49,39)到(49,34)
(T37)帝國動員兵A將愛麗絲選為目標
(T37)帝國動員兵A對愛麗絲發起刺刀突擊,命中(7>0)
(T38)帝國裝甲車"阿斯提"B將愛麗絲選為目標
(T38)帝國裝甲車"阿斯提"B從(2,25)到(2,25)
(T40)帝國動員兵C將愛麗絲選為目標
(T40)帝國動員兵C從(49,34)到(45,33)
(T46)帝國動員兵A將愛麗絲選為目標
(T46)帝國動員兵A對愛麗絲發起刺刀突擊,未命中(13<=19)
(T49)帝國動員兵C將愛麗絲選為目標
(T49)帝國動員兵C從(45,33)到(42,31)
(T50)帝國裝甲車"阿斯提"B將愛麗絲選為目標
