(T9)愛麗絲從(27,26)到(23,27)
(T10)帝國動員兵A將愛麗絲選為目標
(T10)帝國動員兵A從(20,24)到(21,27)
(T10)帝國動員兵A用無畏二型攻擊愛麗絲未能命中(2<=15)
(T13)帝國裝甲車"阿斯提"B將愛麗絲選為目標
(T13)帝國裝甲車"阿斯提"B從(1,26)到(11,26)
(T19)帝國動員兵A將愛麗絲選為目標
(T19)帝國動員兵A從(21,27)到(23,26)
(T22)帝國動員兵C將愛麗絲選為目標
(T22)帝國動員兵C從(49,44)到(49,39)
(T25)帝國裝甲車"阿斯提"B將愛麗絲選為目標
(T25)帝國裝甲車"阿斯提"B從(11,26)到(20,25)
(T28)帝國動員兵A將愛麗絲選為目標
(T28)帝國動員兵A對愛麗絲發起刺刀突擊,命中(17>7)
(T31)帝國動員兵C將愛麗絲選為目標
(T31)帝國動員兵C從(49,39)到(49,34)
(T37)帝國動員兵A將愛麗絲選為目標
(T37)帝國動員兵A對愛麗絲發起刺刀突擊,命中(13>1)
(T38)帝國裝甲車"阿斯提"B將愛麗絲選為目標
(T38)帝國裝甲車"阿斯提"B從(20,25)到(20,25)
(T40)帝國動員兵C將愛麗絲選為目標
(T40)帝國動員兵C從(49,34)到(45,33)
(T40)艾倫從(27,27)到(33,27)
(T40)夏洛特從(26,27)到(32,26)
(T42)愛麗絲從(23,27)到(29,27)
(T46)帝國動員兵A從(23,26)到(23,27)
(T49)帝國動員兵C從(45,33)到(42,31)
(T50)帝國裝甲車"阿斯提"B從(20,25)到(20,25)
(T58)帝國動員兵C從(42,31)到(41,27)
(T63)帝國裝甲車"阿斯提"B從(20,25)到(20,25)
(T67)帝國動員兵C從(41,27)到(36,27)
(T75)帝國裝甲車"阿斯提"B從(20,25)到(20,25)
(T76)帝國動員兵C從(36,27)到(33,28)
(T85)帝國動員兵C從(33,28)到(30,27)
(T88)帝國裝甲車"阿斯提"B從(20,25)到(20,25)
(T92)愛麗絲用燃燒瓶命中帝國動員兵C造成4點傷害
(T92)愛麗絲用燃燒瓶命中夏洛特造成4點傷害
(T94)帝國動員兵C受到1點燒灼傷害
(T94)帝國動員兵C將愛麗絲選為目標
(T94)帝國動員兵C用無畏二型攻擊愛麗絲未能命中(2<=6)
(T96)帝國動員兵A將愛麗絲選為目標
(T96)帝國動員兵A從(23,27)到(27,27)
(T96)帝國動員兵A用無畏二型命中愛麗絲造成6點傷害(20>15)
(T100)艾倫從(33,27)到(33,26)
(T100)帝國裝甲車"阿斯提"B將愛麗絲選為目標
(T100)帝國裝甲車"阿斯提"B從(20,25)到(23,26)
(T103)帝國動員兵C受到1點燒灼傷害
(T103)帝國動員兵C將愛麗絲選為目標
(T105)帝國動員兵A將愛麗絲選為目標
(T105)帝國動員兵A從(27,27)到(29,26)
