(T9)愛麗絲從(27,26)到(23,27)
(T10)帝國動員兵A將愛麗絲選為目標
(T10)帝國動員兵A從(20,24)到(21,27)
(T10)帝國動員兵A用無畏二型攻擊愛麗絲未能命中(4<=11)
(T13)帝國裝甲車"阿斯提"B將愛麗絲選為目標
(T13)帝國裝甲車"阿斯提"B從(1,26)到(11,26)
(T19)帝國動員兵A將愛麗絲選為目標
(T19)帝國動員兵A從(21,27)到(23,26)
(T20)艾倫從(27,27)到(33,27)
(T20)夏洛特從(26,27)到(32,26)
(T22)帝國動員兵C將愛麗絲選為目標
(T22)帝國動員兵C從(49,44)到(49,39)
(T25)帝國裝甲車"阿斯提"B將愛麗絲選為目標
(T25)帝國裝甲車"阿斯提"B從(11,26)到(20,25)
(T28)帝國動員兵A將愛麗絲選為目標
(T28)帝國動員兵A對愛麗絲發起刺刀突擊,未命中(8<=13)
(T31)帝國動員兵C將愛麗絲選為目標
(T31)帝國動員兵C從(49,39)到(49,34)
(T34)愛麗絲從(23,27)到(29,27)
(T37)帝國動員兵A將愛麗絲選為目標
(T37)帝國動員兵A從(23,26)到(27,27)
(T38)帝國裝甲車"阿斯提"B將愛麗絲選為目標
(T38)帝國裝甲車"阿斯提"B從(20,25)到(23,26)
(T40)帝國動員兵C將艾倫選為目標
(T40)帝國動員兵C從(49,34)到(45,33)
(T42)愛麗絲從(29,27)到(31,26)
(T46)帝國動員兵A將愛麗絲選為目標
(T46)帝國動員兵A從(27,27)到(30,26)
(T46)帝國動員兵A對愛麗絲發起刺刀突擊,命中(16>0)
(T49)帝國動員兵C將艾倫選為目標
(T49)帝國動員兵C從(45,33)到(42,31)
