(T9)愛麗絲從(27,26)到(23,27)
(T10)帝國動員兵A將愛麗絲選為目標
(T10)帝國動員兵A從(20,24)到(21,27)
(T10)帝國動員兵A用無畏二型命中愛麗絲造成8點傷害(16>0)
(T13)帝國裝甲車"阿斯提"B將愛麗絲選為目標
(T13)帝國裝甲車"阿斯提"B從(1,26)到(11,26)
(T19)帝國動員兵A將愛麗絲選為目標
(T19)帝國動員兵A從(21,27)到(23,26)
(T22)帝國動員兵C將愛麗絲選為目標
(T22)帝國動員兵C從(49,44)到(49,39)
(T25)帝國裝甲車"阿斯提"B將愛麗絲選為目標
(T25)帝國裝甲車"阿斯提"B從(11,26)到(20,25)
(T28)帝國動員兵A將愛麗絲選為目標
(T28)帝國動員兵A對愛麗絲發起刺刀突擊,未命中(12<=15)
(T31)帝國動員兵C將愛麗絲選為目標
(T31)帝國動員兵C從(49,39)到(49,34)
(T37)帝國動員兵A將愛麗絲選為目標
(T37)帝國動員兵A對愛麗絲發起刺刀突擊,未命中(3<=10)
(T38)帝國裝甲車"阿斯提"B將愛麗絲選為目標
(T38)帝國裝甲車"阿斯提"B從(20,25)到(20,25)
(T40)帝國動員兵C將愛麗絲選為目標
(T40)帝國動員兵C從(49,34)到(45,33)
(T42)愛麗絲從(23,27)到(28,26)
(T46)帝國動員兵A將夏洛特選為目標
(T46)帝國動員兵A從(23,26)到(25,27)
(T46)帝國動員兵A對夏洛特發起刺刀突擊,未命中(11<=20)
(T49)帝國動員兵C從(45,33)到(42,31)
(T50)帝國裝甲車"阿斯提"B從(20,25)到(20,25)
(T55)帝國動員兵A將夏洛特選為目標
(T55)帝國動員兵A對夏洛特發起刺刀突擊,未命中(5<=14)
(T58)帝國動員兵C從(42,31)到(41,27)
(T60)艾倫從(27,27)到(31,27)
(T60)夏洛特從(26,27)到(30,27)
(T63)帝國裝甲車"阿斯提"B從(20,25)到(20,25)
(T64)帝國動員兵A從(25,27)到(26,27)
(T67)帝國動員兵C從(41,27)到(36,27)
(T75)帝國裝甲車"阿斯提"B從(20,25)到(20,25)
(T76)帝國動員兵C從(36,27)到(32,27)
(T78)帝國動員兵A將夏洛特選為目標
(T78)帝國動員兵A從(26,27)到(29,27)
(T78)帝國動員兵A用無畏二型攻擊夏洛特未能命中(7<=7)
(T85)帝國動員兵C從(32,27)到(30,26)
(T87)帝國動員兵A將夏洛特選為目標
(T88)帝國裝甲車"阿斯提"B從(20,25)到(20,25)
(T94)帝國動員兵C將夏洛特選為目標
(T94)帝國動員兵C用無畏二型攻擊夏洛特未能命中(4<=17)
(T96)帝國動員兵A將夏洛特選為目標
(T96)帝國動員兵A對夏洛特發起刺刀突擊,未命中(13<=21)
(T100)帝國裝甲車"阿斯提"B從(20,25)到(20,25)
(T103)帝國動員兵C將夏洛特選為目標
(T105)帝國動員兵A將夏洛特選為目標
